total 12552
drwxr-xr-x    4 onevcat  staff      136  2  2 20:07 Applications
drwxr-xr-x@   4 onevcat  staff      136  2  2 20:07 Applications (Parallels)
drwxr-xr-x@  13 onevcat  staff      442 10  4  2011 DOS Games
drwxr--r--+  15 onevcat  staff      510  6 18 23:45 Desktop
-rw-r--r--    1 onevcat  staff    60612  8  3  2011 DeviceTree.n90ap
drwxr--r--+  41 onevcat  staff     1394  6 16 22:14 Documents
drwxr--r--+ 123 onevcat  staff     4182  6 18 16:52 Downloads
drwx------@  34 onevcat  staff     1156  6 16 22:12 Dropbox
drwx------@  85 onevcat  staff     2890  6 14 15:19 Library
drwxr--r--@   8 onevcat  staff      272  6 16 22:14 Movies
drwxr--r--+  10 onevcat  staff      340  6 16 22:14 Music
drwxr-xr-x    7 onevcat  staff      238  3  4 14:24 OpenCV
drwxr--r--+  44 onevcat  staff     1496  6 16 22:14 Pictures
drwxr-xr-x+   6 onevcat  staff      204  6 16 22:14 Public
drwxr-xr-x+   4 onevcat  staff      136  6 16 22:14 Sites
drwx------@   4 onevcat  staff      136  4 25 00:17 SkyDrive
drwxrwxrwx   58 onevcat  staff     1972  6 14 20:15 World of Warcraft
drwxr-xr-x   66 onevcat  staff     2244  6  5 14:47 github
-rw-r--r--    1 onevcat  staff   158084  8  3  2011 iBSS.n90ap
-rw-r--r--    1 onevcat  staff  6197380  8  3  2011 kernelcache.release.n90
drwxr-xr-x   17 onevcat  staff      578 11  6  2011 simple-iphone-image-processing-read-only
-rw-r--r--    1 root     staff      366  5 25 14:03 umbrella0.log
